2024-09-10 20:40:59,580:WARNING:
'cuml' is a soft dependency and not included in the pycaret installation. Please run: `pip install cuml` to install.
2024-09-10 20:40:59,580:WARNING:
'cuml' is a soft dependency and not included in the pycaret installation. Please run: `pip install cuml` to install.
2024-09-10 20:40:59,580:WARNING:
'cuml' is a soft dependency and not included in the pycaret installation. Please run: `pip install cuml` to install.
2024-09-10 20:40:59,580:WARNING:
'cuml' is a soft dependency and not included in the pycaret installation. Please run: `pip install cuml` to install.
2024-09-11 19:44:30,434:WARNING:
'cuml' is a soft dependency and not included in the pycaret installation. Please run: `pip install cuml` to install.
2024-09-11 19:44:30,434:WARNING:
'cuml' is a soft dependency and not included in the pycaret installation. Please run: `pip install cuml` to install.
2024-09-11 19:44:30,434:WARNING:
'cuml' is a soft dependency and not included in the pycaret installation. Please run: `pip install cuml` to install.
2024-09-11 19:44:30,434:WARNING:
'cuml' is a soft dependency and not included in the pycaret installation. Please run: `pip install cuml` to install.
2024-09-11 19:54:28,378:INFO:PyCaret RegressionExperiment
2024-09-11 19:54:28,378:INFO:Logging name: reg-default-name
2024-09-11 19:54:28,379:INFO:ML Usecase: MLUsecase.REGRESSION
2024-09-11 19:54:28,379:INFO:version 3.3.2
2024-09-11 19:54:28,379:INFO:Initializing setup()
2024-09-11 19:54:28,379:INFO:self.USI: 8d14
2024-09-11 19:54:28,379:INFO:self._variable_keys: {'memory', 'USI', 'X_test', 'pipeline', '_available_plots', 'y_test', 'gpu_n_jobs_param', 'html_param', 'fold_generator', 'y', 'target_param', 'log_plots_param', 'exp_id', 'idx', 'logging_param', 'fold_groups_param', 'y_train', 'gpu_param', 'data', 'fold_shuffle_param', 'X_train', 'X', 'n_jobs_param', 'transform_target_param', 'exp_name_log', 'seed', '_ml_usecase'}
2024-09-11 19:54:28,379:INFO:Checking environment
2024-09-11 19:54:28,379:INFO:python_version: 3.10.11
2024-09-11 19:54:28,379:INFO:python_build: ('tags/v3.10.11:7d4cc5a', 'Apr  5 2023 00:38:17')
2024-09-11 19:54:28,379:INFO:machine: AMD64
2024-09-11 19:54:28,379:INFO:platform: Windows-10-10.0.22631-SP0
2024-09-11 19:54:28,397:INFO:Memory: svmem(total=16559886336, available=2908504064, percent=82.4, used=13651382272, free=2908504064)
2024-09-11 19:54:28,397:INFO:Physical Core: 8
2024-09-11 19:54:28,397:INFO:Logical Core: 16
2024-09-11 19:54:28,397:INFO:Checking libraries
2024-09-11 19:54:28,397:INFO:System:
2024-09-11 19:54:28,397:INFO:    python: 3.10.11 (tags/v3.10.11:7d4cc5a, Apr  5 2023, 00:38:17) [MSC v.1929 64 bit (AMD64)]
2024-09-11 19:54:28,398:INFO:executable: c:\Users\56953\Proyectos Python\Datapath ML\Modulo 2\Proyecto Final\venv\Scripts\python.exe
2024-09-11 19:54:28,398:INFO:   machine: Windows-10-10.0.22631-SP0
2024-09-11 19:54:28,398:INFO:PyCaret required dependencies:
2024-09-11 19:54:28,715:INFO:                 pip: 23.0.1
2024-09-11 19:54:28,715:INFO:          setuptools: 65.5.0
2024-09-11 19:54:28,716:INFO:             pycaret: 3.3.2
2024-09-11 19:54:28,716:INFO:             IPython: 8.27.0
2024-09-11 19:54:28,716:INFO:          ipywidgets: 8.1.5
2024-09-11 19:54:28,716:INFO:                tqdm: 4.66.5
2024-09-11 19:54:28,716:INFO:               numpy: 1.26.4
2024-09-11 19:54:28,716:INFO:              pandas: 2.1.4
2024-09-11 19:54:28,716:INFO:              jinja2: 3.1.4
2024-09-11 19:54:28,716:INFO:               scipy: 1.11.4
2024-09-11 19:54:28,716:INFO:              joblib: 1.3.2
2024-09-11 19:54:28,716:INFO:             sklearn: 1.4.2
2024-09-11 19:54:28,716:INFO:                pyod: 2.0.2
2024-09-11 19:54:28,716:INFO:            imblearn: 0.12.3
2024-09-11 19:54:28,716:INFO:   category_encoders: 2.6.3
2024-09-11 19:54:28,717:INFO:            lightgbm: 4.5.0
2024-09-11 19:54:28,717:INFO:               numba: 0.60.0
2024-09-11 19:54:28,717:INFO:            requests: 2.32.3
2024-09-11 19:54:28,717:INFO:          matplotlib: 3.7.5
2024-09-11 19:54:28,717:INFO:          scikitplot: 0.3.7
2024-09-11 19:54:28,717:INFO:         yellowbrick: 1.5
2024-09-11 19:54:28,717:INFO:              plotly: 5.24.0
2024-09-11 19:54:28,717:INFO:    plotly-resampler: Not installed
2024-09-11 19:54:28,717:INFO:             kaleido: 0.2.1
2024-09-11 19:54:28,717:INFO:           schemdraw: 0.15
2024-09-11 19:54:28,717:INFO:         statsmodels: 0.14.2
2024-09-11 19:54:28,717:INFO:              sktime: 0.26.0
2024-09-11 19:54:28,718:INFO:               tbats: 1.1.3
2024-09-11 19:54:28,718:INFO:            pmdarima: 2.0.4
2024-09-11 19:54:28,718:INFO:              psutil: 6.0.0
2024-09-11 19:54:28,718:INFO:          markupsafe: 2.1.5
2024-09-11 19:54:28,718:INFO:             pickle5: Not installed
2024-09-11 19:54:28,718:INFO:         cloudpickle: 3.0.0
2024-09-11 19:54:28,718:INFO:         deprecation: 2.1.0
2024-09-11 19:54:28,718:INFO:              xxhash: 3.5.0
2024-09-11 19:54:28,718:INFO:           wurlitzer: Not installed
2024-09-11 19:54:28,718:INFO:PyCaret optional dependencies:
2024-09-11 19:54:28,758:INFO:                shap: Not installed
2024-09-11 19:54:28,758:INFO:           interpret: Not installed
2024-09-11 19:54:28,758:INFO:                umap: Not installed
2024-09-11 19:54:28,758:INFO:     ydata_profiling: Not installed
2024-09-11 19:54:28,758:INFO:  explainerdashboard: Not installed
2024-09-11 19:54:28,758:INFO:             autoviz: Not installed
2024-09-11 19:54:28,758:INFO:           fairlearn: Not installed
2024-09-11 19:54:28,758:INFO:          deepchecks: Not installed
2024-09-11 19:54:28,759:INFO:             xgboost: Not installed
2024-09-11 19:54:28,759:INFO:            catboost: Not installed
2024-09-11 19:54:28,759:INFO:              kmodes: Not installed
2024-09-11 19:54:28,759:INFO:             mlxtend: Not installed
2024-09-11 19:54:28,759:INFO:       statsforecast: Not installed
2024-09-11 19:54:28,759:INFO:        tune_sklearn: Not installed
2024-09-11 19:54:28,759:INFO:                 ray: Not installed
2024-09-11 19:54:28,759:INFO:            hyperopt: Not installed
2024-09-11 19:54:28,759:INFO:              optuna: Not installed
2024-09-11 19:54:28,759:INFO:               skopt: Not installed
2024-09-11 19:54:28,759:INFO:              mlflow: Not installed
2024-09-11 19:54:28,759:INFO:              gradio: Not installed
2024-09-11 19:54:28,759:INFO:             fastapi: Not installed
2024-09-11 19:54:28,759:INFO:             uvicorn: Not installed
2024-09-11 19:54:28,759:INFO:              m2cgen: Not installed
2024-09-11 19:54:28,760:INFO:           evidently: Not installed
2024-09-11 19:54:28,760:INFO:               fugue: Not installed
2024-09-11 19:54:28,760:INFO:           streamlit: Not installed
2024-09-11 19:54:28,760:INFO:             prophet: Not installed
2024-09-11 19:54:28,760:INFO:None
2024-09-11 19:54:28,760:INFO:Set up data.
2024-09-11 19:54:28,788:INFO:Set up folding strategy.
2024-09-11 19:54:28,788:INFO:Set up train/test split.
2024-09-11 19:54:28,804:INFO:Set up index.
2024-09-11 19:54:28,807:INFO:Assigning column types.
2024-09-11 19:54:28,830:INFO:Engine successfully changes for model 'lr' to 'sklearn'.
2024-09-11 19:54:28,831:INFO:Engine for model 'lasso' has not been set explicitly, hence returning None.
2024-09-11 19:54:28,840:INFO:Engine for model 'ridge' has not been set explicitly, hence returning None.
2024-09-11 19:54:28,849:INFO:Engine for model 'en' has not been set explicitly, hence returning None.
2024-09-11 19:54:29,002:INFO:Engine for model 'svm' has not been set explicitly, hence returning None.
2024-09-11 19:54:29,089:INFO:Engine for model 'knn' has not been set explicitly, hence returning None.
2024-09-11 19:54:29,090:WARNING:
'xgboost' is a soft dependency and not included in the pycaret installation. Please run: `pip install xgboost` to install.
Alternately, you can install this by running `pip install pycaret[models]`
2024-09-11 19:54:29,090:WARNING:
'catboost' is a soft dependency and not included in the pycaret installation. Please run: `pip install catboost` to install.
Alternately, you can install this by running `pip install pycaret[models]`
2024-09-11 19:54:29,091:INFO:Engine for model 'lasso' has not been set explicitly, hence returning None.
2024-09-11 19:54:29,100:INFO:Engine for model 'ridge' has not been set explicitly, hence returning None.
2024-09-11 19:54:29,111:INFO:Engine for model 'en' has not been set explicitly, hence returning None.
2024-09-11 19:54:29,229:INFO:Engine for model 'svm' has not been set explicitly, hence returning None.
2024-09-11 19:54:29,314:INFO:Engine for model 'knn' has not been set explicitly, hence returning None.
2024-09-11 19:54:29,315:WARNING:
'xgboost' is a soft dependency and not included in the pycaret installation. Please run: `pip install xgboost` to install.
Alternately, you can install this by running `pip install pycaret[models]`
2024-09-11 19:54:29,316:WARNING:
'catboost' is a soft dependency and not included in the pycaret installation. Please run: `pip install catboost` to install.
Alternately, you can install this by running `pip install pycaret[models]`
2024-09-11 19:54:29,316:INFO:Engine successfully changes for model 'lasso' to 'sklearn'.
2024-09-11 19:54:29,325:INFO:Engine for model 'ridge' has not been set explicitly, hence returning None.
2024-09-11 19:54:29,334:INFO:Engine for model 'en' has not been set explicitly, hence returning None.
2024-09-11 19:54:29,450:INFO:Engine for model 'svm' has not been set explicitly, hence returning None.
2024-09-11 19:54:29,545:INFO:Engine for model 'knn' has not been set explicitly, hence returning None.
2024-09-11 19:54:29,546:WARNING:
'xgboost' is a soft dependency and not included in the pycaret installation. Please run: `pip install xgboost` to install.
Alternately, you can install this by running `pip install pycaret[models]`
2024-09-11 19:54:29,548:WARNING:
'catboost' is a soft dependency and not included in the pycaret installation. Please run: `pip install catboost` to install.
Alternately, you can install this by running `pip install pycaret[models]`
2024-09-11 19:54:29,558:INFO:Engine for model 'ridge' has not been set explicitly, hence returning None.
2024-09-11 19:54:29,567:INFO:Engine for model 'en' has not been set explicitly, hence returning None.
2024-09-11 19:54:29,691:INFO:Engine for model 'svm' has not been set explicitly, hence returning None.
2024-09-11 19:54:29,779:INFO:Engine for model 'knn' has not been set explicitly, hence returning None.
2024-09-11 19:54:29,780:WARNING:
'xgboost' is a soft dependency and not included in the pycaret installation. Please run: `pip install xgboost` to install.
Alternately, you can install this by running `pip install pycaret[models]`
2024-09-11 19:54:29,780:WARNING:
'catboost' is a soft dependency and not included in the pycaret installation. Please run: `pip install catboost` to install.
Alternately, you can install this by running `pip install pycaret[models]`
2024-09-11 19:54:29,781:INFO:Engine successfully changes for model 'ridge' to 'sklearn'.
2024-09-11 19:54:29,800:INFO:Engine for model 'en' has not been set explicitly, hence returning None.
2024-09-11 19:54:29,920:INFO:Engine for model 'svm' has not been set explicitly, hence returning None.
2024-09-11 19:54:30,031:INFO:Engine for model 'knn' has not been set explicitly, hence returning None.
2024-09-11 19:54:30,033:WARNING:
'xgboost' is a soft dependency and not included in the pycaret installation. Please run: `pip install xgboost` to install.
Alternately, you can install this by running `pip install pycaret[models]`
2024-09-11 19:54:30,034:WARNING:
'catboost' is a soft dependency and not included in the pycaret installation. Please run: `pip install catboost` to install.
Alternately, you can install this by running `pip install pycaret[models]`
2024-09-11 19:54:30,059:INFO:Engine for model 'en' has not been set explicitly, hence returning None.
2024-09-11 19:54:30,186:INFO:Engine for model 'svm' has not been set explicitly, hence returning None.
2024-09-11 19:54:30,271:INFO:Engine for model 'knn' has not been set explicitly, hence returning None.
2024-09-11 19:54:30,272:WARNING:
'xgboost' is a soft dependency and not included in the pycaret installation. Please run: `pip install xgboost` to install.
Alternately, you can install this by running `pip install pycaret[models]`
2024-09-11 19:54:30,272:WARNING:
'catboost' is a soft dependency and not included in the pycaret installation. Please run: `pip install catboost` to install.
Alternately, you can install this by running `pip install pycaret[models]`
2024-09-11 19:54:30,272:INFO:Engine successfully changes for model 'en' to 'sklearn'.
2024-09-11 19:54:30,408:INFO:Engine for model 'svm' has not been set explicitly, hence returning None.
2024-09-11 19:54:30,492:INFO:Engine for model 'knn' has not been set explicitly, hence returning None.
2024-09-11 19:54:30,493:WARNING:
'xgboost' is a soft dependency and not included in the pycaret installation. Please run: `pip install xgboost` to install.
Alternately, you can install this by running `pip install pycaret[models]`
2024-09-11 19:54:30,493:WARNING:
'catboost' is a soft dependency and not included in the pycaret installation. Please run: `pip install catboost` to install.
Alternately, you can install this by running `pip install pycaret[models]`
2024-09-11 19:54:30,622:INFO:Engine for model 'svm' has not been set explicitly, hence returning None.
2024-09-11 19:54:30,713:INFO:Engine for model 'knn' has not been set explicitly, hence returning None.
2024-09-11 19:54:30,715:WARNING:
'xgboost' is a soft dependency and not included in the pycaret installation. Please run: `pip install xgboost` to install.
Alternately, you can install this by running `pip install pycaret[models]`
2024-09-11 19:54:30,716:WARNING:
'catboost' is a soft dependency and not included in the pycaret installation. Please run: `pip install catboost` to install.
Alternately, you can install this by running `pip install pycaret[models]`
2024-09-11 19:54:30,717:INFO:Engine successfully changes for model 'knn' to 'sklearn'.
2024-09-11 19:54:30,850:INFO:Engine for model 'svm' has not been set explicitly, hence returning None.
2024-09-11 19:54:30,932:WARNING:
'xgboost' is a soft dependency and not included in the pycaret installation. Please run: `pip install xgboost` to install.
Alternately, you can install this by running `pip install pycaret[models]`
2024-09-11 19:54:30,933:WARNING:
'catboost' is a soft dependency and not included in the pycaret installation. Please run: `pip install catboost` to install.
Alternately, you can install this by running `pip install pycaret[models]`
2024-09-11 19:54:31,060:INFO:Engine for model 'svm' has not been set explicitly, hence returning None.
2024-09-11 19:54:31,146:WARNING:
'xgboost' is a soft dependency and not included in the pycaret installation. Please run: `pip install xgboost` to install.
Alternately, you can install this by running `pip install pycaret[models]`
2024-09-11 19:54:31,147:WARNING:
'catboost' is a soft dependency and not included in the pycaret installation. Please run: `pip install catboost` to install.
Alternately, you can install this by running `pip install pycaret[models]`
2024-09-11 19:54:31,147:INFO:Engine successfully changes for model 'svm' to 'sklearn'.
2024-09-11 19:54:31,396:WARNING:
'xgboost' is a soft dependency and not included in the pycaret installation. Please run: `pip install xgboost` to install.
Alternately, you can install this by running `pip install pycaret[models]`
2024-09-11 19:54:31,396:WARNING:
'catboost' is a soft dependency and not included in the pycaret installation. Please run: `pip install catboost` to install.
Alternately, you can install this by running `pip install pycaret[models]`
2024-09-11 19:54:31,627:WARNING:
'xgboost' is a soft dependency and not included in the pycaret installation. Please run: `pip install xgboost` to install.
Alternately, you can install this by running `pip install pycaret[models]`
2024-09-11 19:54:31,627:WARNING:
'catboost' is a soft dependency and not included in the pycaret installation. Please run: `pip install catboost` to install.
Alternately, you can install this by running `pip install pycaret[models]`
2024-09-11 19:54:31,630:INFO:Preparing preprocessing pipeline...
2024-09-11 19:54:31,631:INFO:Set up simple imputation.
2024-09-11 19:54:31,633:INFO:Set up column name cleaning.
2024-09-11 19:54:31,730:INFO:Finished creating preprocessing pipeline.
2024-09-11 19:54:31,751:INFO:Pipeline: Pipeline(memory=FastMemory(location=C:\Users\56953\AppData\Local\Temp\joblib),
         steps=[('numerical_imputer',
                 TransformerWrapper(include=['year', 'running', 'status',
                                             'motor_volume', 'model_hyundai',
                                             'model_kia', 'model_mercedes-benz',
                                             'model_nissan', 'model_toyota',
                                             'motor_type_diesel',
                                             'motor_type_gas',
                                             'motor_type_hybrid',
                                             'motor_type_petrol', 'color_beige',
                                             'col...
                                             'color_gray', 'color_green',
                                             'color_orange', 'color_other',
                                             'color_pink', 'color_purple',
                                             'color_red', 'color_silver',
                                             'color_skyblue', 'color_white', ...],
                                    transformer=SimpleImputer())),
                ('categorical_imputer',
                 TransformerWrapper(include=[],
                                    transformer=SimpleImputer(strategy='most_frequent'))),
                ('clean_column_names',
                 TransformerWrapper(transformer=CleanColumnNames()))])
2024-09-11 19:54:31,751:INFO:Creating final display dataframe.
2024-09-11 19:54:31,969:INFO:Setup _display_container:                     Description             Value
0                    Session id                 0
1                        Target             price
2                   Target type        Regression
3           Original data shape         (165, 37)
4        Transformed data shape         (165, 37)
5   Transformed train set shape         (115, 37)
6    Transformed test set shape          (50, 37)
7              Numeric features                36
8                    Preprocess              True
9               Imputation type            simple
10           Numeric imputation              mean
11       Categorical imputation              mode
12               Fold Generator             KFold
13                  Fold Number                10
14                     CPU Jobs                -1
15                      Use GPU             False
16               Log Experiment             False
17              Experiment Name  reg-default-name
18                          USI              8d14
2024-09-11 19:54:32,263:WARNING:
'xgboost' is a soft dependency and not included in the pycaret installation. Please run: `pip install xgboost` to install.
Alternately, you can install this by running `pip install pycaret[models]`
2024-09-11 19:54:32,265:WARNING:
'catboost' is a soft dependency and not included in the pycaret installation. Please run: `pip install catboost` to install.
Alternately, you can install this by running `pip install pycaret[models]`
2024-09-11 19:54:32,502:WARNING:
'xgboost' is a soft dependency and not included in the pycaret installation. Please run: `pip install xgboost` to install.
Alternately, you can install this by running `pip install pycaret[models]`
2024-09-11 19:54:32,502:WARNING:
'catboost' is a soft dependency and not included in the pycaret installation. Please run: `pip install catboost` to install.
Alternately, you can install this by running `pip install pycaret[models]`
2024-09-11 19:54:32,503:INFO:setup() successfully completed in 4.16s...............
2024-09-11 19:55:00,971:INFO:Initializing compare_models()
2024-09-11 19:55:00,972:INFO:compare_models(self=<pycaret.regression.oop.RegressionExperiment object at 0x0000013224A7D570>, include=None, fold=None, round=4, cross_validation=True, sort=R2, n_select=1, budget_time=None, turbo=True, errors=ignore, fit_kwargs=None, groups=None, experiment_custom_tags=None, probability_threshold=None, verbose=True, parallel=None, caller_params={'self': <pycaret.regression.oop.RegressionExperiment object at 0x0000013224A7D570>, 'include': None, 'exclude': None, 'fold': None, 'round': 4, 'cross_validation': True, 'sort': 'R2', 'n_select': 1, 'budget_time': None, 'turbo': True, 'errors': 'ignore', 'fit_kwargs': None, 'groups': None, 'experiment_custom_tags': None, 'engine': None, 'verbose': True, 'parallel': None, '__class__': <class 'pycaret.regression.oop.RegressionExperiment'>}, exclude=None)
2024-09-11 19:55:00,972:INFO:Checking exceptions
2024-09-11 19:55:00,992:INFO:Preparing display monitor
2024-09-11 19:55:01,070:INFO:Initializing Linear Regression
2024-09-11 19:55:01,070:INFO:Total runtime is 1.6307830810546876e-05 minutes
2024-09-11 19:55:01,082:INFO:SubProcess create_model() called ==================================
2024-09-11 19:55:01,083:INFO:Initializing create_model()
2024-09-11 19:55:01,084:INFO:create_model(self=<pycaret.regression.oop.RegressionExperiment object at 0x0000013224A7D570>, estimator=lr, fold=KFold(n_splits=10, random_state=None, shuffle=False), round=4, cross_validation=True, predict=True, fit_kwargs={}, groups=None, refit=False, probability_threshold=None, experiment_custom_tags=None, verbose=False, system=False, add_to_model_list=True, metrics=None, display=<pycaret.internal.display.display.CommonDisplay object at 0x0000013266AA3130>, model_only=True, return_train_score=False, error_score=0.0, kwargs={})
2024-09-11 19:55:01,085:INFO:Checking exceptions
2024-09-11 19:55:01,085:INFO:Importing libraries
2024-09-11 19:55:01,085:INFO:Copying training dataset
2024-09-11 19:55:01,109:INFO:Defining folds
2024-09-11 19:55:01,111:INFO:Declaring metric variables
2024-09-11 19:55:01,121:INFO:Importing untrained model
2024-09-11 19:55:01,136:INFO:Linear Regression Imported successfully
2024-09-11 19:55:01,216:INFO:Starting cross validation
2024-09-11 19:55:01,333:INFO:Cross validating with KFold(n_splits=10, random_state=None, shuffle=False), n_jobs=-1
2024-09-11 19:55:08,579:INFO:Calculating mean and std
2024-09-11 19:55:08,584:INFO:Creating metrics dataframe
2024-09-11 19:55:08,589:INFO:Uploading results into container
2024-09-11 19:55:08,592:INFO:Uploading model into container now
2024-09-11 19:55:08,594:INFO:_master_model_container: 1
2024-09-11 19:55:08,595:INFO:_display_container: 2
2024-09-11 19:55:08,595:INFO:LinearRegression(n_jobs=-1)
2024-09-11 19:55:08,596:INFO:create_model() successfully completed......................................
2024-09-11 19:55:08,823:INFO:SubProcess create_model() end ==================================
2024-09-11 19:55:08,823:INFO:Creating metrics dataframe
2024-09-11 19:55:08,845:INFO:Initializing Lasso Regression
2024-09-11 19:55:08,845:INFO:Total runtime is 0.12958529392878215 minutes
2024-09-11 19:55:08,851:INFO:SubProcess create_model() called ==================================
2024-09-11 19:55:08,852:INFO:Initializing create_model()
2024-09-11 19:55:08,852:INFO:create_model(self=<pycaret.regression.oop.RegressionExperiment object at 0x0000013224A7D570>, estimator=lasso, fold=KFold(n_splits=10, random_state=None, shuffle=False), round=4, cross_validation=True, predict=True, fit_kwargs={}, groups=None, refit=False, probability_threshold=None, experiment_custom_tags=None, verbose=False, system=False, add_to_model_list=True, metrics=None, display=<pycaret.internal.display.display.CommonDisplay object at 0x0000013266AA3130>, model_only=True, return_train_score=False, error_score=0.0, kwargs={})
2024-09-11 19:55:08,852:INFO:Checking exceptions
2024-09-11 19:55:08,852:INFO:Importing libraries
2024-09-11 19:55:08,852:INFO:Copying training dataset
2024-09-11 19:55:08,861:INFO:Defining folds
2024-09-11 19:55:08,862:INFO:Declaring metric variables
2024-09-11 19:55:08,870:INFO:Importing untrained model
2024-09-11 19:55:08,875:INFO:Lasso Regression Imported successfully
2024-09-11 19:55:08,893:INFO:Starting cross validation
2024-09-11 19:55:08,895:INFO:Cross validating with KFold(n_splits=10, random_state=None, shuffle=False), n_jobs=-1
2024-09-11 19:55:12,211:INFO:Calculating mean and std
2024-09-11 19:55:12,213:INFO:Creating metrics dataframe
2024-09-11 19:55:12,216:INFO:Uploading results into container
2024-09-11 19:55:12,217:INFO:Uploading model into container now
2024-09-11 19:55:12,218:INFO:_master_model_container: 2
2024-09-11 19:55:12,219:INFO:_display_container: 2
2024-09-11 19:55:12,219:INFO:Lasso(random_state=0)
2024-09-11 19:55:12,219:INFO:create_model() successfully completed......................................
2024-09-11 19:55:12,390:INFO:SubProcess create_model() end ==================================
2024-09-11 19:55:12,390:INFO:Creating metrics dataframe
2024-09-11 19:55:12,403:INFO:Initializing Ridge Regression
2024-09-11 19:55:12,403:INFO:Total runtime is 0.18889671564102173 minutes
2024-09-11 19:55:12,410:INFO:SubProcess create_model() called ==================================
2024-09-11 19:55:12,410:INFO:Initializing create_model()
2024-09-11 19:55:12,411:INFO:create_model(self=<pycaret.regression.oop.RegressionExperiment object at 0x0000013224A7D570>, estimator=ridge, fold=KFold(n_splits=10, random_state=None, shuffle=False), round=4, cross_validation=True, predict=True, fit_kwargs={}, groups=None, refit=False, probability_threshold=None, experiment_custom_tags=None, verbose=False, system=False, add_to_model_list=True, metrics=None, display=<pycaret.internal.display.display.CommonDisplay object at 0x0000013266AA3130>, model_only=True, return_train_score=False, error_score=0.0, kwargs={})
2024-09-11 19:55:12,411:INFO:Checking exceptions
2024-09-11 19:55:12,411:INFO:Importing libraries
2024-09-11 19:55:12,411:INFO:Copying training dataset
2024-09-11 19:55:12,427:INFO:Defining folds
2024-09-11 19:55:12,427:INFO:Declaring metric variables
2024-09-11 19:55:12,438:INFO:Importing untrained model
2024-09-11 19:55:12,451:INFO:Ridge Regression Imported successfully
2024-09-11 19:55:12,469:INFO:Starting cross validation
2024-09-11 19:55:12,470:INFO:Cross validating with KFold(n_splits=10, random_state=None, shuffle=False), n_jobs=-1
2024-09-11 19:55:12,585:INFO:Calculating mean and std
2024-09-11 19:55:12,587:INFO:Creating metrics dataframe
2024-09-11 19:55:12,589:INFO:Uploading results into container
2024-09-11 19:55:12,590:INFO:Uploading model into container now
2024-09-11 19:55:12,590:INFO:_master_model_container: 3
2024-09-11 19:55:12,591:INFO:_display_container: 2
2024-09-11 19:55:12,591:INFO:Ridge(random_state=0)
2024-09-11 19:55:12,592:INFO:create_model() successfully completed......................................
2024-09-11 19:55:12,721:INFO:SubProcess create_model() end ==================================
2024-09-11 19:55:12,721:INFO:Creating metrics dataframe
2024-09-11 19:55:12,731:INFO:Initializing Elastic Net
2024-09-11 19:55:12,731:INFO:Total runtime is 0.19435226519902546 minutes
2024-09-11 19:55:12,737:INFO:SubProcess create_model() called ==================================
2024-09-11 19:55:12,737:INFO:Initializing create_model()
2024-09-11 19:55:12,738:INFO:create_model(self=<pycaret.regression.oop.RegressionExperiment object at 0x0000013224A7D570>, estimator=en, fold=KFold(n_splits=10, random_state=None, shuffle=False), round=4, cross_validation=True, predict=True, fit_kwargs={}, groups=None, refit=False, probability_threshold=None, experiment_custom_tags=None, verbose=False, system=False, add_to_model_list=True, metrics=None, display=<pycaret.internal.display.display.CommonDisplay object at 0x0000013266AA3130>, model_only=True, return_train_score=False, error_score=0.0, kwargs={})
2024-09-11 19:55:12,738:INFO:Checking exceptions
2024-09-11 19:55:12,738:INFO:Importing libraries
2024-09-11 19:55:12,738:INFO:Copying training dataset
2024-09-11 19:55:12,752:INFO:Defining folds
2024-09-11 19:55:12,753:INFO:Declaring metric variables
2024-09-11 19:55:12,761:INFO:Importing untrained model
2024-09-11 19:55:12,770:INFO:Elastic Net Imported successfully
2024-09-11 19:55:12,788:INFO:Starting cross validation
2024-09-11 19:55:12,790:INFO:Cross validating with KFold(n_splits=10, random_state=None, shuffle=False), n_jobs=-1
2024-09-11 19:55:12,895:INFO:Calculating mean and std
2024-09-11 19:55:12,898:INFO:Creating metrics dataframe
2024-09-11 19:55:12,901:INFO:Uploading results into container
2024-09-11 19:55:12,902:INFO:Uploading model into container now
2024-09-11 19:55:12,902:INFO:_master_model_container: 4
2024-09-11 19:55:12,903:INFO:_display_container: 2
2024-09-11 19:55:12,903:INFO:ElasticNet(random_state=0)
2024-09-11 19:55:12,903:INFO:create_model() successfully completed......................................
2024-09-11 19:55:13,052:INFO:SubProcess create_model() end ==================================
2024-09-11 19:55:13,052:INFO:Creating metrics dataframe
2024-09-11 19:55:13,058:INFO:Initializing Least Angle Regression
2024-09-11 19:55:13,059:INFO:Total runtime is 0.19983283281326292 minutes
2024-09-11 19:55:13,063:INFO:SubProcess create_model() called ==================================
2024-09-11 19:55:13,064:INFO:Initializing create_model()
2024-09-11 19:55:13,064:INFO:create_model(self=<pycaret.regression.oop.RegressionExperiment object at 0x0000013224A7D570>, estimator=lar, fold=KFold(n_splits=10, random_state=None, shuffle=False), round=4, cross_validation=True, predict=True, fit_kwargs={}, groups=None, refit=False, probability_threshold=None, experiment_custom_tags=None, verbose=False, system=False, add_to_model_list=True, metrics=None, display=<pycaret.internal.display.display.CommonDisplay object at 0x0000013266AA3130>, model_only=True, return_train_score=False, error_score=0.0, kwargs={})
2024-09-11 19:55:13,064:INFO:Checking exceptions
2024-09-11 19:55:13,064:INFO:Importing libraries
2024-09-11 19:55:13,064:INFO:Copying training dataset
2024-09-11 19:55:13,071:INFO:Defining folds
2024-09-11 19:55:13,071:INFO:Declaring metric variables
2024-09-11 19:55:13,075:INFO:Importing untrained model
2024-09-11 19:55:13,082:INFO:Least Angle Regression Imported successfully
2024-09-11 19:55:13,089:INFO:Starting cross validation
2024-09-11 19:55:13,090:INFO:Cross validating with KFold(n_splits=10, random_state=None, shuffle=False), n_jobs=-1
2024-09-11 19:55:13,166:WARNING:c:\Users\56953\Proyectos Python\Datapath ML\Modulo 2\Proyecto Final\venv\lib\site-packages\sklearn\linear_model\_least_angle.py:688: ConvergenceWarning: Regressors in active set degenerate. Dropping a regressor, after 26 iterations, i.e. alpha=1.745e-03, with an active set of 23 regressors, and the smallest cholesky pivot element being 2.220e-16. Reduce max_iter or increase eps parameters.
  warnings.warn(

2024-09-11 19:55:13,166:WARNING:c:\Users\56953\Proyectos Python\Datapath ML\Modulo 2\Proyecto Final\venv\lib\site-packages\sklearn\linear_model\_least_angle.py:688: ConvergenceWarning: Regressors in active set degenerate. Dropping a regressor, after 12 iterations, i.e. alpha=1.728e+02, with an active set of 11 regressors, and the smallest cholesky pivot element being 2.220e-16. Reduce max_iter or increase eps parameters.
  warnings.warn(

2024-09-11 19:55:13,167:WARNING:c:\Users\56953\Proyectos Python\Datapath ML\Modulo 2\Proyecto Final\venv\lib\site-packages\sklearn\linear_model\_least_angle.py:688: ConvergenceWarning: Regressors in active set degenerate. Dropping a regressor, after 14 iterations, i.e. alpha=1.295e+02, with an active set of 13 regressors, and the smallest cholesky pivot element being 2.220e-16. Reduce max_iter or increase eps parameters.
  warnings.warn(

2024-09-11 19:55:13,167:WARNING:c:\Users\56953\Proyectos Python\Datapath ML\Modulo 2\Proyecto Final\venv\lib\site-packages\sklearn\linear_model\_least_angle.py:688: ConvergenceWarning: Regressors in active set degenerate. Dropping a regressor, after 15 iterations, i.e. alpha=6.543e+01, with an active set of 14 regressors, and the smallest cholesky pivot element being 2.220e-16. Reduce max_iter or increase eps parameters.
  warnings.warn(

2024-09-11 19:55:13,167:WARNING:c:\Users\56953\Proyectos Python\Datapath ML\Modulo 2\Proyecto Final\venv\lib\site-packages\sklearn\linear_model\_least_angle.py:688: ConvergenceWarning: Regressors in active set degenerate. Dropping a regressor, after 16 iterations, i.e. alpha=5.014e+01, with an active set of 15 regressors, and the smallest cholesky pivot element being 2.220e-16. Reduce max_iter or increase eps parameters.
  warnings.warn(

2024-09-11 19:55:13,168:WARNING:c:\Users\56953\Proyectos Python\Datapath ML\Modulo 2\Proyecto Final\venv\lib\site-packages\sklearn\linear_model\_least_angle.py:688: ConvergenceWarning: Regressors in active set degenerate. Dropping a regressor, after 17 iterations, i.e. alpha=1.961e+01, with an active set of 16 regressors, and the smallest cholesky pivot element being 2.220e-16. Reduce max_iter or increase eps parameters.
  warnings.warn(

2024-09-11 19:55:13,168:WARNING:c:\Users\56953\Proyectos Python\Datapath ML\Modulo 2\Proyecto Final\venv\lib\site-packages\sklearn\linear_model\_least_angle.py:688: ConvergenceWarning: Regressors in active set degenerate. Dropping a regressor, after 19 iterations, i.e. alpha=1.603e+01, with an active set of 18 regressors, and the smallest cholesky pivot element being 2.220e-16. Reduce max_iter or increase eps parameters.
  warnings.warn(

2024-09-11 19:55:13,168:WARNING:c:\Users\56953\Proyectos Python\Datapath ML\Modulo 2\Proyecto Final\venv\lib\site-packages\sklearn\linear_model\_least_angle.py:688: ConvergenceWarning: Regressors in active set degenerate. Dropping a regressor, after 20 iterations, i.e. alpha=6.065e+00, with an active set of 19 regressors, and the smallest cholesky pivot element being 2.220e-16. Reduce max_iter or increase eps parameters.
  warnings.warn(

2024-09-11 19:55:13,168:WARNING:c:\Users\56953\Proyectos Python\Datapath ML\Modulo 2\Proyecto Final\venv\lib\site-packages\sklearn\linear_model\_least_angle.py:688: ConvergenceWarning: Regressors in active set degenerate. Dropping a regressor, after 21 iterations, i.e. alpha=2.183e+00, with an active set of 20 regressors, and the smallest cholesky pivot element being 2.220e-16. Reduce max_iter or increase eps parameters.
  warnings.warn(

2024-09-11 19:55:13,169:WARNING:c:\Users\56953\Proyectos Python\Datapath ML\Modulo 2\Proyecto Final\venv\lib\site-packages\sklearn\linear_model\_least_angle.py:688: ConvergenceWarning: Regressors in active set degenerate. Dropping a regressor, after 24 iterations, i.e. alpha=5.298e+00, with an active set of 22 regressors, and the smallest cholesky pivot element being 2.220e-16. Reduce max_iter or increase eps parameters.
  warnings.warn(

2024-09-11 19:55:13,189:INFO:Calculating mean and std
2024-09-11 19:55:13,190:INFO:Creating metrics dataframe
2024-09-11 19:55:13,192:INFO:Uploading results into container
2024-09-11 19:55:13,193:INFO:Uploading model into container now
2024-09-11 19:55:13,194:INFO:_master_model_container: 5
2024-09-11 19:55:13,194:INFO:_display_container: 2
2024-09-11 19:55:13,194:INFO:Lars(random_state=0)
2024-09-11 19:55:13,195:INFO:create_model() successfully completed......................................
2024-09-11 19:55:13,324:INFO:SubProcess create_model() end ==================================
2024-09-11 19:55:13,324:INFO:Creating metrics dataframe
2024-09-11 19:55:13,333:INFO:Initializing Lasso Least Angle Regression
2024-09-11 19:55:13,334:INFO:Total runtime is 0.2044119358062744 minutes
2024-09-11 19:55:13,338:INFO:SubProcess create_model() called ==================================
2024-09-11 19:55:13,338:INFO:Initializing create_model()
2024-09-11 19:55:13,338:INFO:create_model(self=<pycaret.regression.oop.RegressionExperiment object at 0x0000013224A7D570>, estimator=llar, fold=KFold(n_splits=10, random_state=None, shuffle=False), round=4, cross_validation=True, predict=True, fit_kwargs={}, groups=None, refit=False, probability_threshold=None, experiment_custom_tags=None, verbose=False, system=False, add_to_model_list=True, metrics=None, display=<pycaret.internal.display.display.CommonDisplay object at 0x0000013266AA3130>, model_only=True, return_train_score=False, error_score=0.0, kwargs={})
2024-09-11 19:55:13,339:INFO:Checking exceptions
2024-09-11 19:55:13,339:INFO:Importing libraries
2024-09-11 19:55:13,339:INFO:Copying training dataset
2024-09-11 19:55:13,348:INFO:Defining folds
2024-09-11 19:55:13,348:INFO:Declaring metric variables
2024-09-11 19:55:13,352:INFO:Importing untrained model
2024-09-11 19:55:13,357:INFO:Lasso Least Angle Regression Imported successfully
2024-09-11 19:55:13,368:INFO:Starting cross validation
2024-09-11 19:55:13,370:INFO:Cross validating with KFold(n_splits=10, random_state=None, shuffle=False), n_jobs=-1
2024-09-11 19:55:13,467:INFO:Calculating mean and std
2024-09-11 19:55:13,469:INFO:Creating metrics dataframe
2024-09-11 19:55:13,471:INFO:Uploading results into container
2024-09-11 19:55:13,471:INFO:Uploading model into container now
2024-09-11 19:55:13,472:INFO:_master_model_container: 6
2024-09-11 19:55:13,472:INFO:_display_container: 2
2024-09-11 19:55:13,472:INFO:LassoLars(random_state=0)
2024-09-11 19:55:13,472:INFO:create_model() successfully completed......................................
2024-09-11 19:55:13,602:INFO:SubProcess create_model() end ==================================
2024-09-11 19:55:13,602:INFO:Creating metrics dataframe
2024-09-11 19:55:13,614:INFO:Initializing Orthogonal Matching Pursuit
2024-09-11 19:55:13,614:INFO:Total runtime is 0.2090734044710795 minutes
2024-09-11 19:55:13,618:INFO:SubProcess create_model() called ==================================
2024-09-11 19:55:13,618:INFO:Initializing create_model()
2024-09-11 19:55:13,618:INFO:create_model(self=<pycaret.regression.oop.RegressionExperiment object at 0x0000013224A7D570>, estimator=omp, fold=KFold(n_splits=10, random_state=None, shuffle=False), round=4, cross_validation=True, predict=True, fit_kwargs={}, groups=None, refit=False, probability_threshold=None, experiment_custom_tags=None, verbose=False, system=False, add_to_model_list=True, metrics=None, display=<pycaret.internal.display.display.CommonDisplay object at 0x0000013266AA3130>, model_only=True, return_train_score=False, error_score=0.0, kwargs={})
2024-09-11 19:55:13,618:INFO:Checking exceptions
2024-09-11 19:55:13,618:INFO:Importing libraries
2024-09-11 19:55:13,618:INFO:Copying training dataset
2024-09-11 19:55:13,626:INFO:Defining folds
2024-09-11 19:55:13,626:INFO:Declaring metric variables
2024-09-11 19:55:13,630:INFO:Importing untrained model
2024-09-11 19:55:13,635:INFO:Orthogonal Matching Pursuit Imported successfully
2024-09-11 19:55:13,645:INFO:Starting cross validation
2024-09-11 19:55:13,647:INFO:Cross validating with KFold(n_splits=10, random_state=None, shuffle=False), n_jobs=-1
2024-09-11 19:55:13,747:INFO:Calculating mean and std
2024-09-11 19:55:13,750:INFO:Creating metrics dataframe
2024-09-11 19:55:13,752:INFO:Uploading results into container
2024-09-11 19:55:13,753:INFO:Uploading model into container now
2024-09-11 19:55:13,753:INFO:_master_model_container: 7
2024-09-11 19:55:13,754:INFO:_display_container: 2
2024-09-11 19:55:13,754:INFO:OrthogonalMatchingPursuit()
2024-09-11 19:55:13,754:INFO:create_model() successfully completed......................................
2024-09-11 19:55:13,899:INFO:SubProcess create_model() end ==================================
2024-09-11 19:55:13,899:INFO:Creating metrics dataframe
2024-09-11 19:55:13,906:INFO:Initializing Bayesian Ridge
2024-09-11 19:55:13,906:INFO:Total runtime is 0.21393457253774006 minutes
2024-09-11 19:55:13,911:INFO:SubProcess create_model() called ==================================
2024-09-11 19:55:13,912:INFO:Initializing create_model()
2024-09-11 19:55:13,912:INFO:create_model(self=<pycaret.regression.oop.RegressionExperiment object at 0x0000013224A7D570>, estimator=br, fold=KFold(n_splits=10, random_state=None, shuffle=False), round=4, cross_validation=True, predict=True, fit_kwargs={}, groups=None, refit=False, probability_threshold=None, experiment_custom_tags=None, verbose=False, system=False, add_to_model_list=True, metrics=None, display=<pycaret.internal.display.display.CommonDisplay object at 0x0000013266AA3130>, model_only=True, return_train_score=False, error_score=0.0, kwargs={})
2024-09-11 19:55:13,912:INFO:Checking exceptions
2024-09-11 19:55:13,912:INFO:Importing libraries
2024-09-11 19:55:13,912:INFO:Copying training dataset
2024-09-11 19:55:13,920:INFO:Defining folds
2024-09-11 19:55:13,920:INFO:Declaring metric variables
2024-09-11 19:55:13,925:INFO:Importing untrained model
2024-09-11 19:55:13,931:INFO:Bayesian Ridge Imported successfully
2024-09-11 19:55:13,939:INFO:Starting cross validation
2024-09-11 19:55:13,940:INFO:Cross validating with KFold(n_splits=10, random_state=None, shuffle=False), n_jobs=-1
2024-09-11 19:55:14,064:INFO:Calculating mean and std
2024-09-11 19:55:14,066:INFO:Creating metrics dataframe
2024-09-11 19:55:14,069:INFO:Uploading results into container
2024-09-11 19:55:14,069:INFO:Uploading model into container now
2024-09-11 19:55:14,070:INFO:_master_model_container: 8
2024-09-11 19:55:14,070:INFO:_display_container: 2
2024-09-11 19:55:14,070:INFO:BayesianRidge()
2024-09-11 19:55:14,070:INFO:create_model() successfully completed......................................
2024-09-11 19:55:14,200:INFO:SubProcess create_model() end ==================================
2024-09-11 19:55:14,200:INFO:Creating metrics dataframe
2024-09-11 19:55:14,209:INFO:Initializing Passive Aggressive Regressor
2024-09-11 19:55:14,210:INFO:Total runtime is 0.21900322039922077 minutes
2024-09-11 19:55:14,215:INFO:SubProcess create_model() called ==================================
2024-09-11 19:55:14,216:INFO:Initializing create_model()
2024-09-11 19:55:14,216:INFO:create_model(self=<pycaret.regression.oop.RegressionExperiment object at 0x0000013224A7D570>, estimator=par, fold=KFold(n_splits=10, random_state=None, shuffle=False), round=4, cross_validation=True, predict=True, fit_kwargs={}, groups=None, refit=False, probability_threshold=None, experiment_custom_tags=None, verbose=False, system=False, add_to_model_list=True, metrics=None, display=<pycaret.internal.display.display.CommonDisplay object at 0x0000013266AA3130>, model_only=True, return_train_score=False, error_score=0.0, kwargs={})
2024-09-11 19:55:14,216:INFO:Checking exceptions
2024-09-11 19:55:14,216:INFO:Importing libraries
2024-09-11 19:55:14,216:INFO:Copying training dataset
2024-09-11 19:55:14,222:INFO:Defining folds
2024-09-11 19:55:14,222:INFO:Declaring metric variables
2024-09-11 19:55:14,228:INFO:Importing untrained model
2024-09-11 19:55:14,235:INFO:Passive Aggressive Regressor Imported successfully
2024-09-11 19:55:14,243:INFO:Starting cross validation
2024-09-11 19:55:14,245:INFO:Cross validating with KFold(n_splits=10, random_state=None, shuffle=False), n_jobs=-1
2024-09-11 19:55:14,328:WARNING:c:\Users\56953\Proyectos Python\Datapath ML\Modulo 2\Proyecto Final\venv\lib\site-packages\sklearn\linear_model\_stochastic_gradient.py:1575: ConvergenceWarning: Maximum number of iteration reached before convergence. Consider increasing max_iter to improve the fit.
  warnings.warn(

2024-09-11 19:55:14,328:WARNING:c:\Users\56953\Proyectos Python\Datapath ML\Modulo 2\Proyecto Final\venv\lib\site-packages\sklearn\linear_model\_stochastic_gradient.py:1575: ConvergenceWarning: Maximum number of iteration reached before convergence. Consider increasing max_iter to improve the fit.
  warnings.warn(

2024-09-11 19:55:14,328:WARNING:c:\Users\56953\Proyectos Python\Datapath ML\Modulo 2\Proyecto Final\venv\lib\site-packages\sklearn\linear_model\_stochastic_gradient.py:1575: ConvergenceWarning: Maximum number of iteration reached before convergence. Consider increasing max_iter to improve the fit.
  warnings.warn(

2024-09-11 19:55:14,329:WARNING:c:\Users\56953\Proyectos Python\Datapath ML\Modulo 2\Proyecto Final\venv\lib\site-packages\sklearn\linear_model\_stochastic_gradient.py:1575: ConvergenceWarning: Maximum number of iteration reached before convergence. Consider increasing max_iter to improve the fit.
  warnings.warn(

2024-09-11 19:55:14,329:WARNING:c:\Users\56953\Proyectos Python\Datapath ML\Modulo 2\Proyecto Final\venv\lib\site-packages\sklearn\linear_model\_stochastic_gradient.py:1575: ConvergenceWarning: Maximum number of iteration reached before convergence. Consider increasing max_iter to improve the fit.
  warnings.warn(

2024-09-11 19:55:14,329:WARNING:c:\Users\56953\Proyectos Python\Datapath ML\Modulo 2\Proyecto Final\venv\lib\site-packages\sklearn\linear_model\_stochastic_gradient.py:1575: ConvergenceWarning: Maximum number of iteration reached before convergence. Consider increasing max_iter to improve the fit.
  warnings.warn(

2024-09-11 19:55:14,334:WARNING:c:\Users\56953\Proyectos Python\Datapath ML\Modulo 2\Proyecto Final\venv\lib\site-packages\sklearn\linear_model\_stochastic_gradient.py:1575: ConvergenceWarning: Maximum number of iteration reached before convergence. Consider increasing max_iter to improve the fit.
  warnings.warn(

2024-09-11 19:55:14,355:INFO:Calculating mean and std
2024-09-11 19:55:14,356:INFO:Creating metrics dataframe
2024-09-11 19:55:14,359:INFO:Uploading results into container
2024-09-11 19:55:14,360:INFO:Uploading model into container now
2024-09-11 19:55:14,361:INFO:_master_model_container: 9
2024-09-11 19:55:14,361:INFO:_display_container: 2
2024-09-11 19:55:14,361:INFO:PassiveAggressiveRegressor(random_state=0)
2024-09-11 19:55:14,362:INFO:create_model() successfully completed......................................
2024-09-11 19:55:14,494:INFO:SubProcess create_model() end ==================================
2024-09-11 19:55:14,494:INFO:Creating metrics dataframe
2024-09-11 19:55:14,502:INFO:Initializing Huber Regressor
2024-09-11 19:55:14,503:INFO:Total runtime is 0.22388604084650673 minutes
2024-09-11 19:55:14,506:INFO:SubProcess create_model() called ==================================
2024-09-11 19:55:14,507:INFO:Initializing create_model()
2024-09-11 19:55:14,507:INFO:create_model(self=<pycaret.regression.oop.RegressionExperiment object at 0x0000013224A7D570>, estimator=huber, fold=KFold(n_splits=10, random_state=None, shuffle=False), round=4, cross_validation=True, predict=True, fit_kwargs={}, groups=None, refit=False, probability_threshold=None, experiment_custom_tags=None, verbose=False, system=False, add_to_model_list=True, metrics=None, display=<pycaret.internal.display.display.CommonDisplay object at 0x0000013266AA3130>, model_only=True, return_train_score=False, error_score=0.0, kwargs={})
2024-09-11 19:55:14,507:INFO:Checking exceptions
2024-09-11 19:55:14,507:INFO:Importing libraries
2024-09-11 19:55:14,507:INFO:Copying training dataset
2024-09-11 19:55:14,515:INFO:Defining folds
2024-09-11 19:55:14,516:INFO:Declaring metric variables
2024-09-11 19:55:14,519:INFO:Importing untrained model
2024-09-11 19:55:14,523:INFO:Huber Regressor Imported successfully
2024-09-11 19:55:14,534:INFO:Starting cross validation
2024-09-11 19:55:14,535:INFO:Cross validating with KFold(n_splits=10, random_state=None, shuffle=False), n_jobs=-1
2024-09-11 19:55:14,626:WARNING:c:\Users\56953\Proyectos Python\Datapath ML\Modulo 2\Proyecto Final\venv\lib\site-packages\sklearn\linear_model\_huber.py:342: ConvergenceWarning: lbfgs failed to converge (status=1):
STOP: TOTAL NO. of ITERATIONS REACHED LIMIT.

Increase the number of iterations (max_iter) or scale the data as shown in:
    https://scikit-learn.org/stable/modules/preprocessing.html
  self.n_iter_ = _check_optimize_result("lbfgs", opt_res, self.max_iter)

2024-09-11 19:55:14,626:WARNING:c:\Users\56953\Proyectos Python\Datapath ML\Modulo 2\Proyecto Final\venv\lib\site-packages\sklearn\linear_model\_huber.py:342: ConvergenceWarning: lbfgs failed to converge (status=1):
STOP: TOTAL NO. of ITERATIONS REACHED LIMIT.

Increase the number of iterations (max_iter) or scale the data as shown in:
    https://scikit-learn.org/stable/modules/preprocessing.html
  self.n_iter_ = _check_optimize_result("lbfgs", opt_res, self.max_iter)

2024-09-11 19:55:14,626:WARNING:c:\Users\56953\Proyectos Python\Datapath ML\Modulo 2\Proyecto Final\venv\lib\site-packages\sklearn\linear_model\_huber.py:342: ConvergenceWarning: lbfgs failed to converge (status=1):
STOP: TOTAL NO. of ITERATIONS REACHED LIMIT.

Increase the number of iterations (max_iter) or scale the data as shown in:
    https://scikit-learn.org/stable/modules/preprocessing.html
  self.n_iter_ = _check_optimize_result("lbfgs", opt_res, self.max_iter)

2024-09-11 19:55:14,634:WARNING:c:\Users\56953\Proyectos Python\Datapath ML\Modulo 2\Proyecto Final\venv\lib\site-packages\sklearn\linear_model\_huber.py:342: ConvergenceWarning: lbfgs failed to converge (status=1):
STOP: TOTAL NO. of ITERATIONS REACHED LIMIT.

Increase the number of iterations (max_iter) or scale the data as shown in:
    https://scikit-learn.org/stable/modules/preprocessing.html
  self.n_iter_ = _check_optimize_result("lbfgs", opt_res, self.max_iter)

2024-09-11 19:55:14,636:WARNING:c:\Users\56953\Proyectos Python\Datapath ML\Modulo 2\Proyecto Final\venv\lib\site-packages\sklearn\linear_model\_huber.py:342: ConvergenceWarning: lbfgs failed to converge (status=1):
STOP: TOTAL NO. of ITERATIONS REACHED LIMIT.

Increase the number of iterations (max_iter) or scale the data as shown in:
    https://scikit-learn.org/stable/modules/preprocessing.html
  self.n_iter_ = _check_optimize_result("lbfgs", opt_res, self.max_iter)

2024-09-11 19:55:14,648:INFO:Calculating mean and std
2024-09-11 19:55:14,649:INFO:Creating metrics dataframe
2024-09-11 19:55:14,651:INFO:Uploading results into container
2024-09-11 19:55:14,651:INFO:Uploading model into container now
2024-09-11 19:55:14,651:INFO:_master_model_container: 10
2024-09-11 19:55:14,653:INFO:_display_container: 2
2024-09-11 19:55:14,653:INFO:HuberRegressor()
2024-09-11 19:55:14,653:INFO:create_model() successfully completed......................................
2024-09-11 19:55:14,781:INFO:SubProcess create_model() end ==================================
2024-09-11 19:55:14,782:INFO:Creating metrics dataframe
2024-09-11 19:55:14,790:INFO:Initializing K Neighbors Regressor
2024-09-11 19:55:14,790:INFO:Total runtime is 0.22867378791173298 minutes
2024-09-11 19:55:14,795:INFO:SubProcess create_model() called ==================================
2024-09-11 19:55:14,795:INFO:Initializing create_model()
2024-09-11 19:55:14,796:INFO:create_model(self=<pycaret.regression.oop.RegressionExperiment object at 0x0000013224A7D570>, estimator=knn, fold=KFold(n_splits=10, random_state=None, shuffle=False), round=4, cross_validation=True, predict=True, fit_kwargs={}, groups=None, refit=False, probability_threshold=None, experiment_custom_tags=None, verbose=False, system=False, add_to_model_list=True, metrics=None, display=<pycaret.internal.display.display.CommonDisplay object at 0x0000013266AA3130>, model_only=True, return_train_score=False, error_score=0.0, kwargs={})
2024-09-11 19:55:14,796:INFO:Checking exceptions
2024-09-11 19:55:14,796:INFO:Importing libraries
2024-09-11 19:55:14,796:INFO:Copying training dataset
2024-09-11 19:55:14,804:INFO:Defining folds
2024-09-11 19:55:14,804:INFO:Declaring metric variables
2024-09-11 19:55:14,808:INFO:Importing untrained model
2024-09-11 19:55:14,816:INFO:K Neighbors Regressor Imported successfully
2024-09-11 19:55:14,824:INFO:Starting cross validation
2024-09-11 19:55:14,825:INFO:Cross validating with KFold(n_splits=10, random_state=None, shuffle=False), n_jobs=-1
2024-09-11 19:55:15,117:INFO:Calculating mean and std
2024-09-11 19:55:15,119:INFO:Creating metrics dataframe
2024-09-11 19:55:15,121:INFO:Uploading results into container
2024-09-11 19:55:15,121:INFO:Uploading model into container now
2024-09-11 19:55:15,122:INFO:_master_model_container: 11
2024-09-11 19:55:15,122:INFO:_display_container: 2
2024-09-11 19:55:15,122:INFO:KNeighborsRegressor(n_jobs=-1)
2024-09-11 19:55:15,123:INFO:create_model() successfully completed......................................
2024-09-11 19:55:15,272:INFO:SubProcess create_model() end ==================================
2024-09-11 19:55:15,272:INFO:Creating metrics dataframe
2024-09-11 19:55:15,282:INFO:Initializing Decision Tree Regressor
2024-09-11 19:55:15,282:INFO:Total runtime is 0.23686680396397908 minutes
2024-09-11 19:55:15,286:INFO:SubProcess create_model() called ==================================
2024-09-11 19:55:15,287:INFO:Initializing create_model()
2024-09-11 19:55:15,287:INFO:create_model(self=<pycaret.regression.oop.RegressionExperiment object at 0x0000013224A7D570>, estimator=dt, fold=KFold(n_splits=10, random_state=None, shuffle=False), round=4, cross_validation=True, predict=True, fit_kwargs={}, groups=None, refit=False, probability_threshold=None, experiment_custom_tags=None, verbose=False, system=False, add_to_model_list=True, metrics=None, display=<pycaret.internal.display.display.CommonDisplay object at 0x0000013266AA3130>, model_only=True, return_train_score=False, error_score=0.0, kwargs={})
2024-09-11 19:55:15,287:INFO:Checking exceptions
2024-09-11 19:55:15,287:INFO:Importing libraries
2024-09-11 19:55:15,287:INFO:Copying training dataset
2024-09-11 19:55:15,294:INFO:Defining folds
2024-09-11 19:55:15,294:INFO:Declaring metric variables
2024-09-11 19:55:15,299:INFO:Importing untrained model
2024-09-11 19:55:15,304:INFO:Decision Tree Regressor Imported successfully
2024-09-11 19:55:15,317:INFO:Starting cross validation
2024-09-11 19:55:15,318:INFO:Cross validating with KFold(n_splits=10, random_state=None, shuffle=False), n_jobs=-1
2024-09-11 19:55:15,412:INFO:Calculating mean and std
2024-09-11 19:55:15,414:INFO:Creating metrics dataframe
2024-09-11 19:55:15,417:INFO:Uploading results into container
2024-09-11 19:55:15,418:INFO:Uploading model into container now
2024-09-11 19:55:15,419:INFO:_master_model_container: 12
2024-09-11 19:55:15,419:INFO:_display_container: 2
2024-09-11 19:55:15,419:INFO:DecisionTreeRegressor(random_state=0)
2024-09-11 19:55:15,419:INFO:create_model() successfully completed......................................
2024-09-11 19:55:15,551:INFO:SubProcess create_model() end ==================================
2024-09-11 19:55:15,551:INFO:Creating metrics dataframe
2024-09-11 19:55:15,560:INFO:Initializing Random Forest Regressor
2024-09-11 19:55:15,560:INFO:Total runtime is 0.2415074825286865 minutes
2024-09-11 19:55:15,565:INFO:SubProcess create_model() called ==================================
2024-09-11 19:55:15,566:INFO:Initializing create_model()
2024-09-11 19:55:15,566:INFO:create_model(self=<pycaret.regression.oop.RegressionExperiment object at 0x0000013224A7D570>, estimator=rf, fold=KFold(n_splits=10, random_state=None, shuffle=False), round=4, cross_validation=True, predict=True, fit_kwargs={}, groups=None, refit=False, probability_threshold=None, experiment_custom_tags=None, verbose=False, system=False, add_to_model_list=True, metrics=None, display=<pycaret.internal.display.display.CommonDisplay object at 0x0000013266AA3130>, model_only=True, return_train_score=False, error_score=0.0, kwargs={})
2024-09-11 19:55:15,566:INFO:Checking exceptions
2024-09-11 19:55:15,566:INFO:Importing libraries
2024-09-11 19:55:15,566:INFO:Copying training dataset
2024-09-11 19:55:15,572:INFO:Defining folds
2024-09-11 19:55:15,572:INFO:Declaring metric variables
2024-09-11 19:55:15,577:INFO:Importing untrained model
2024-09-11 19:55:15,583:INFO:Random Forest Regressor Imported successfully
2024-09-11 19:55:15,590:INFO:Starting cross validation
2024-09-11 19:55:15,592:INFO:Cross validating with KFold(n_splits=10, random_state=None, shuffle=False), n_jobs=-1
2024-09-11 19:55:15,959:INFO:Calculating mean and std
2024-09-11 19:55:15,960:INFO:Creating metrics dataframe
2024-09-11 19:55:15,962:INFO:Uploading results into container
2024-09-11 19:55:15,963:INFO:Uploading model into container now
2024-09-11 19:55:15,963:INFO:_master_model_container: 13
2024-09-11 19:55:15,963:INFO:_display_container: 2
2024-09-11 19:55:15,964:INFO:RandomForestRegressor(n_jobs=-1, random_state=0)
2024-09-11 19:55:15,964:INFO:create_model() successfully completed......................................
2024-09-11 19:55:16,100:INFO:SubProcess create_model() end ==================================
2024-09-11 19:55:16,101:INFO:Creating metrics dataframe
2024-09-11 19:55:16,111:INFO:Initializing Extra Trees Regressor
2024-09-11 19:55:16,111:INFO:Total runtime is 0.2506884455680847 minutes
2024-09-11 19:55:16,116:INFO:SubProcess create_model() called ==================================
2024-09-11 19:55:16,117:INFO:Initializing create_model()
2024-09-11 19:55:16,117:INFO:create_model(self=<pycaret.regression.oop.RegressionExperiment object at 0x0000013224A7D570>, estimator=et, fold=KFold(n_splits=10, random_state=None, shuffle=False), round=4, cross_validation=True, predict=True, fit_kwargs={}, groups=None, refit=False, probability_threshold=None, experiment_custom_tags=None, verbose=False, system=False, add_to_model_list=True, metrics=None, display=<pycaret.internal.display.display.CommonDisplay object at 0x0000013266AA3130>, model_only=True, return_train_score=False, error_score=0.0, kwargs={})
2024-09-11 19:55:16,117:INFO:Checking exceptions
2024-09-11 19:55:16,117:INFO:Importing libraries
2024-09-11 19:55:16,117:INFO:Copying training dataset
2024-09-11 19:55:16,125:INFO:Defining folds
2024-09-11 19:55:16,125:INFO:Declaring metric variables
2024-09-11 19:55:16,132:INFO:Importing untrained model
2024-09-11 19:55:16,138:INFO:Extra Trees Regressor Imported successfully
2024-09-11 19:55:16,151:INFO:Starting cross validation
2024-09-11 19:55:16,153:INFO:Cross validating with KFold(n_splits=10, random_state=None, shuffle=False), n_jobs=-1
2024-09-11 19:55:16,540:INFO:Calculating mean and std
2024-09-11 19:55:16,542:INFO:Creating metrics dataframe
2024-09-11 19:55:16,544:INFO:Uploading results into container
2024-09-11 19:55:16,545:INFO:Uploading model into container now
2024-09-11 19:55:16,547:INFO:_master_model_container: 14
2024-09-11 19:55:16,547:INFO:_display_container: 2
2024-09-11 19:55:16,547:INFO:ExtraTreesRegressor(n_jobs=-1, random_state=0)
2024-09-11 19:55:16,547:INFO:create_model() successfully completed......................................
2024-09-11 19:55:16,675:INFO:SubProcess create_model() end ==================================
2024-09-11 19:55:16,675:INFO:Creating metrics dataframe
2024-09-11 19:55:16,687:INFO:Initializing AdaBoost Regressor
2024-09-11 19:55:16,688:INFO:Total runtime is 0.2602993607521057 minutes
2024-09-11 19:55:16,694:INFO:SubProcess create_model() called ==================================
2024-09-11 19:55:16,695:INFO:Initializing create_model()
2024-09-11 19:55:16,695:INFO:create_model(self=<pycaret.regression.oop.RegressionExperiment object at 0x0000013224A7D570>, estimator=ada, fold=KFold(n_splits=10, random_state=None, shuffle=False), round=4, cross_validation=True, predict=True, fit_kwargs={}, groups=None, refit=False, probability_threshold=None, experiment_custom_tags=None, verbose=False, system=False, add_to_model_list=True, metrics=None, display=<pycaret.internal.display.display.CommonDisplay object at 0x0000013266AA3130>, model_only=True, return_train_score=False, error_score=0.0, kwargs={})
2024-09-11 19:55:16,695:INFO:Checking exceptions
2024-09-11 19:55:16,695:INFO:Importing libraries
2024-09-11 19:55:16,695:INFO:Copying training dataset
2024-09-11 19:55:16,704:INFO:Defining folds
2024-09-11 19:55:16,704:INFO:Declaring metric variables
2024-09-11 19:55:16,708:INFO:Importing untrained model
2024-09-11 19:55:16,715:INFO:AdaBoost Regressor Imported successfully
2024-09-11 19:55:16,722:INFO:Starting cross validation
2024-09-11 19:55:16,724:INFO:Cross validating with KFold(n_splits=10, random_state=None, shuffle=False), n_jobs=-1
2024-09-11 19:55:16,915:INFO:Calculating mean and std
2024-09-11 19:55:16,917:INFO:Creating metrics dataframe
2024-09-11 19:55:16,920:INFO:Uploading results into container
2024-09-11 19:55:16,921:INFO:Uploading model into container now
2024-09-11 19:55:16,921:INFO:_master_model_container: 15
2024-09-11 19:55:16,922:INFO:_display_container: 2
2024-09-11 19:55:16,922:INFO:AdaBoostRegressor(random_state=0)
2024-09-11 19:55:16,922:INFO:create_model() successfully completed......................................
2024-09-11 19:55:17,125:INFO:SubProcess create_model() end ==================================
2024-09-11 19:55:17,125:INFO:Creating metrics dataframe
2024-09-11 19:55:17,133:INFO:Initializing Gradient Boosting Regressor
2024-09-11 19:55:17,134:INFO:Total runtime is 0.2677362243334452 minutes
2024-09-11 19:55:17,137:INFO:SubProcess create_model() called ==================================
2024-09-11 19:55:17,138:INFO:Initializing create_model()
2024-09-11 19:55:17,138:INFO:create_model(self=<pycaret.regression.oop.RegressionExperiment object at 0x0000013224A7D570>, estimator=gbr, fold=KFold(n_splits=10, random_state=None, shuffle=False), round=4, cross_validation=True, predict=True, fit_kwargs={}, groups=None, refit=False, probability_threshold=None, experiment_custom_tags=None, verbose=False, system=False, add_to_model_list=True, metrics=None, display=<pycaret.internal.display.display.CommonDisplay object at 0x0000013266AA3130>, model_only=True, return_train_score=False, error_score=0.0, kwargs={})
2024-09-11 19:55:17,138:INFO:Checking exceptions
2024-09-11 19:55:17,138:INFO:Importing libraries
2024-09-11 19:55:17,138:INFO:Copying training dataset
2024-09-11 19:55:17,146:INFO:Defining folds
2024-09-11 19:55:17,146:INFO:Declaring metric variables
2024-09-11 19:55:17,152:INFO:Importing untrained model
2024-09-11 19:55:17,156:INFO:Gradient Boosting Regressor Imported successfully
2024-09-11 19:55:17,167:INFO:Starting cross validation
2024-09-11 19:55:17,168:INFO:Cross validating with KFold(n_splits=10, random_state=None, shuffle=False), n_jobs=-1
2024-09-11 19:55:17,387:INFO:Calculating mean and std
2024-09-11 19:55:17,388:INFO:Creating metrics dataframe
2024-09-11 19:55:17,390:INFO:Uploading results into container
2024-09-11 19:55:17,390:INFO:Uploading model into container now
2024-09-11 19:55:17,391:INFO:_master_model_container: 16
2024-09-11 19:55:17,391:INFO:_display_container: 2
2024-09-11 19:55:17,392:INFO:GradientBoostingRegressor(random_state=0)
2024-09-11 19:55:17,392:INFO:create_model() successfully completed......................................
2024-09-11 19:55:17,552:INFO:SubProcess create_model() end ==================================
2024-09-11 19:55:17,552:INFO:Creating metrics dataframe
2024-09-11 19:55:17,562:INFO:Initializing Light Gradient Boosting Machine
2024-09-11 19:55:17,563:INFO:Total runtime is 0.2748841245969136 minutes
2024-09-11 19:55:17,568:INFO:SubProcess create_model() called ==================================
2024-09-11 19:55:17,569:INFO:Initializing create_model()
2024-09-11 19:55:17,569:INFO:create_model(self=<pycaret.regression.oop.RegressionExperiment object at 0x0000013224A7D570>, estimator=lightgbm, fold=KFold(n_splits=10, random_state=None, shuffle=False), round=4, cross_validation=True, predict=True, fit_kwargs={}, groups=None, refit=False, probability_threshold=None, experiment_custom_tags=None, verbose=False, system=False, add_to_model_list=True, metrics=None, display=<pycaret.internal.display.display.CommonDisplay object at 0x0000013266AA3130>, model_only=True, return_train_score=False, error_score=0.0, kwargs={})
2024-09-11 19:55:17,570:INFO:Checking exceptions
2024-09-11 19:55:17,570:INFO:Importing libraries
2024-09-11 19:55:17,570:INFO:Copying training dataset
2024-09-11 19:55:17,579:INFO:Defining folds
2024-09-11 19:55:17,580:INFO:Declaring metric variables
2024-09-11 19:55:17,586:INFO:Importing untrained model
2024-09-11 19:55:17,593:INFO:Light Gradient Boosting Machine Imported successfully
2024-09-11 19:55:17,611:INFO:Starting cross validation
2024-09-11 19:55:17,613:INFO:Cross validating with KFold(n_splits=10, random_state=None, shuffle=False), n_jobs=-1
2024-09-11 19:55:17,933:INFO:Calculating mean and std
2024-09-11 19:55:17,935:INFO:Creating metrics dataframe
2024-09-11 19:55:17,938:INFO:Uploading results into container
2024-09-11 19:55:17,939:INFO:Uploading model into container now
2024-09-11 19:55:17,939:INFO:_master_model_container: 17
2024-09-11 19:55:17,940:INFO:_display_container: 2
2024-09-11 19:55:17,940:INFO:LGBMRegressor(n_jobs=-1, random_state=0)
2024-09-11 19:55:17,940:INFO:create_model() successfully completed......................................
2024-09-11 19:55:18,084:INFO:SubProcess create_model() end ==================================
2024-09-11 19:55:18,084:INFO:Creating metrics dataframe
2024-09-11 19:55:18,093:INFO:Initializing Dummy Regressor
2024-09-11 19:55:18,094:INFO:Total runtime is 0.2837381919225056 minutes
2024-09-11 19:55:18,099:INFO:SubProcess create_model() called ==================================
2024-09-11 19:55:18,099:INFO:Initializing create_model()
2024-09-11 19:55:18,099:INFO:create_model(self=<pycaret.regression.oop.RegressionExperiment object at 0x0000013224A7D570>, estimator=dummy, fold=KFold(n_splits=10, random_state=None, shuffle=False), round=4, cross_validation=True, predict=True, fit_kwargs={}, groups=None, refit=False, probability_threshold=None, experiment_custom_tags=None, verbose=False, system=False, add_to_model_list=True, metrics=None, display=<pycaret.internal.display.display.CommonDisplay object at 0x0000013266AA3130>, model_only=True, return_train_score=False, error_score=0.0, kwargs={})
2024-09-11 19:55:18,099:INFO:Checking exceptions
2024-09-11 19:55:18,099:INFO:Importing libraries
2024-09-11 19:55:18,100:INFO:Copying training dataset
2024-09-11 19:55:18,105:INFO:Defining folds
2024-09-11 19:55:18,106:INFO:Declaring metric variables
2024-09-11 19:55:18,110:INFO:Importing untrained model
2024-09-11 19:55:18,116:INFO:Dummy Regressor Imported successfully
2024-09-11 19:55:18,125:INFO:Starting cross validation
2024-09-11 19:55:18,126:INFO:Cross validating with KFold(n_splits=10, random_state=None, shuffle=False), n_jobs=-1
2024-09-11 19:55:18,199:INFO:Calculating mean and std
2024-09-11 19:55:18,200:INFO:Creating metrics dataframe
2024-09-11 19:55:18,201:INFO:Uploading results into container
2024-09-11 19:55:18,202:INFO:Uploading model into container now
2024-09-11 19:55:18,202:INFO:_master_model_container: 18
2024-09-11 19:55:18,202:INFO:_display_container: 2
2024-09-11 19:55:18,203:INFO:DummyRegressor()
2024-09-11 19:55:18,203:INFO:create_model() successfully completed......................................
2024-09-11 19:55:18,337:INFO:SubProcess create_model() end ==================================
2024-09-11 19:55:18,337:INFO:Creating metrics dataframe
2024-09-11 19:55:18,363:WARNING:c:\Users\56953\Proyectos Python\Datapath ML\Modulo 2\Proyecto Final\venv\lib\site-packages\pycaret\internal\pycaret_experiment\supervised_experiment.py:323: FutureWarning: Styler.applymap has been deprecated. Use Styler.map instead.
  master_display_.apply(

2024-09-11 19:55:18,372:INFO:Initializing create_model()
2024-09-11 19:55:18,372:INFO:create_model(self=<pycaret.regression.oop.RegressionExperiment object at 0x0000013224A7D570>, estimator=ExtraTreesRegressor(n_jobs=-1, random_state=0), fold=KFold(n_splits=10, random_state=None, shuffle=False), round=4, cross_validation=False, predict=False, fit_kwargs={}, groups=None, refit=True, probability_threshold=None, experiment_custom_tags=None, verbose=False, system=False, add_to_model_list=True, metrics=None, display=None, model_only=True, return_train_score=False, error_score=0.0, kwargs={})
2024-09-11 19:55:18,372:INFO:Checking exceptions
2024-09-11 19:55:18,375:INFO:Importing libraries
2024-09-11 19:55:18,376:INFO:Copying training dataset
2024-09-11 19:55:18,387:INFO:Defining folds
2024-09-11 19:55:18,387:INFO:Declaring metric variables
2024-09-11 19:55:18,387:INFO:Importing untrained model
2024-09-11 19:55:18,388:INFO:Declaring custom model
2024-09-11 19:55:18,388:INFO:Extra Trees Regressor Imported successfully
2024-09-11 19:55:18,390:INFO:Cross validation set to False
2024-09-11 19:55:18,390:INFO:Fitting Model
2024-09-11 19:55:18,527:INFO:ExtraTreesRegressor(n_jobs=-1, random_state=0)
2024-09-11 19:55:18,527:INFO:create_model() successfully completed......................................
2024-09-11 19:55:18,714:INFO:_master_model_container: 18
2024-09-11 19:55:18,715:INFO:_display_container: 2
2024-09-11 19:55:18,716:INFO:ExtraTreesRegressor(n_jobs=-1, random_state=0)
2024-09-11 19:55:18,716:INFO:compare_models() successfully completed......................................
2024-09-11 20:45:58,709:INFO:gpu_param set to False
2024-09-11 20:45:58,830:WARNING:
'xgboost' is a soft dependency and not included in the pycaret installation. Please run: `pip install xgboost` to install.
Alternately, you can install this by running `pip install pycaret[models]`
2024-09-11 20:45:58,830:WARNING:
'catboost' is a soft dependency and not included in the pycaret installation. Please run: `pip install catboost` to install.
Alternately, you can install this by running `pip install pycaret[models]`
2024-09-11 20:45:58,938:WARNING:
'xgboost' is a soft dependency and not included in the pycaret installation. Please run: `pip install xgboost` to install.
Alternately, you can install this by running `pip install pycaret[models]`
2024-09-11 20:45:58,938:WARNING:
'catboost' is a soft dependency and not included in the pycaret installation. Please run: `pip install catboost` to install.
Alternately, you can install this by running `pip install pycaret[models]`
